#
# A fatal error has been detected by the Java Runtime Environment:
#
#  EXCEPTION_ACCESS_VIOLATION (0xc0000005) at pc=0x00000000672f2645, pid=4180, tid=0x0000000000001650
#
# JRE version: OpenJDK Runtime Environment (8.0_152-b01) (build 1.8.0_152-release-915-b01)
# Java VM: OpenJDK 64-Bit Server VM (25.152-b01 mixed mode windows-amd64 compressed oops)
# Problematic frame:
# V  [jvm.dll+0x52645]
#
# Failed to write core dump. Minidumps are not enabled by default on client versions of Windows
#
# If you would like to submit a bug report, please visit:
#   http://bugreport.java.com/bugreport/crash.jsp
#

---------------  T H R E A D  ---------------

Current thread (0x0000000056359000):  VMThread [stack: 0x0000000057240000,0x0000000057340000] [id=5712]

siginfo: ExceptionCode=0xc0000005, reading address 0x0000000018174b7d

Registers:
RAX=0x0000000000000000, RBX=0x0000000059624378, RCX=0x0000000000000019, RDX=0x0000000000000005
RSP=0x000000005733f030, RBP=0x000000005733f240, RSI=0x000000005d292210, RDI=0x000000005733f258
R8 =0x0000000000000001, R9 =0x0000000018174b7d, R10=0x0000000002150770, R11=0x00000b03010a0002
R12=0x000000000001c350, R13=0x000000000001c350, R14=0x000000005733f0d0, R15=0x000000005733f258
RIP=0x00000000672f2645, EFLAGS=0x0000000000010246

Top of Stack: (sp=0x000000005733f030)
0x000000005733f030:   0000000000000000 00000000673a0b1f
0x000000005733f040:   0000000000000000 0000000015c73910
0x000000005733f050:   00000000000015c1 0000000000000000
0x000000005733f060:   00000000678b4890 0000000000000000
0x000000005733f070:   0000000067a26310 0000000067a262c0
0x000000005733f080:   000000005733f1d0 00000000672f2739
0x000000005733f090:   000000005733f240 0000000000000004
0x000000005733f0a0:   000000005733f258 0000000000000000
0x000000005733f0b0:   000000005733f0d0 000000005733f240
0x000000005733f0c0:   0000000000000000 0000000067669ab6
0x000000005733f0d0:   00000000000e2d11 0000000056245520
0x000000005733f0e0:   0000000000000000 00000000678b4890
0x000000005733f0f0:   0000000067a262c0 000000000000000e
0x000000005733f100:   0000000067a262c0 000000000000000e
0x000000005733f110:   0000000000000000 000000000000081c
0x000000005733f120:   0000000000000300 0000000000000025 

Instructions: (pc=0x00000000672f2645)
0x00000000672f2625:   f6 43 08 01 74 0d 83 3d d6 ac 76 00 00 0f 84 83
0x00000000672f2635:   00 00 00 4c 8b 4b 10 4c 63 05 8d c6 72 00 33 c0
0x00000000672f2645:   41 0f b7 09 85 c9 0f 4f c1 48 63 d0 48 83 c2 0f
0x00000000672f2655:   48 c1 ea 03 42 8d 44 02 ff 48 63 d0 41 8d 40 ff 


Register to memory mapping:

RAX=0x0000000000000000 is an unknown value
RBX=0x0000000059624378 is an unknown value
RCX=0x0000000000000019 is an unknown value
RDX=0x0000000000000005 is an unknown value
RSP=0x000000005733f030 is an unknown value
RBP=0x000000005733f240 is an unknown value
RSI=0x000000005d292210 is an unknown value
RDI=0x000000005733f258 is an unknown value
R8 =0x0000000000000001 is an unknown value
R9 =0x0000000018174b7d is an unknown value
R10=0x0000000002150770 is an unknown value
R11=0x00000b03010a0002 is an unknown value
R12=0x000000000001c350 is an unknown value
R13=0x000000000001c350 is an unknown value
R14=0x000000005733f0d0 is an unknown value
R15=0x000000005733f258 is an unknown value


Stack: [0x0000000057240000,0x0000000057340000],  sp=0x000000005733f030,  free space=1020k
Native frames: (J=compiled Java code, j=interpreted, Vv=VM code, C=native code)
V  [jvm.dll+0x52645]
V  [jvm.dll+0x52739]
V  [jvm.dll+0x3c9ab6]
V  [jvm.dll+0x3cadae]
V  [jvm.dll+0x3cecbf]
V  [jvm.dll+0x3bea84]
V  [jvm.dll+0x3d1246]
V  [jvm.dll+0x223ac7]
V  [jvm.dll+0x222d82]
V  [jvm.dll+0x223201]
V  [jvm.dll+0x22341e]
V  [jvm.dll+0x26d4aa]
C  [msvcr100.dll+0x21d9f]
C  [msvcr100.dll+0x21e3b]
C  [kernel32.dll+0x159bd]
C  [ntdll.dll+0x2a2e1]

VM_Operation (0x0000000065d8e950): ParallelGCFailedAllocation, mode: safepoint, requested by thread 0x000000005e201800


---------------  P R O C E S S  ---------------

Java Threads: ( => current thread )
  0x000000005e201800 JavaThread "pool-4-thread-29" [_thread_blocked, id=5236, stack(0x0000000065c90000,0x0000000065d90000)]
  0x000000005e1ff000 JavaThread "stdout" daemon [_thread_in_native, id=5720, stack(0x0000000065b80000,0x0000000065c80000)]
  0x000000005e1fe800 JavaThread "stderr" daemon [_thread_in_native, id=5752, stack(0x0000000065a70000,0x0000000065b70000)]
  0x000000005e1fd800 JavaThread "stdout" daemon [_thread_in_native, id=3656, stack(0x0000000065840000,0x0000000065940000)]
  0x000000005e1fd000 JavaThread "stderr" daemon [_thread_in_native, id=5652, stack(0x00000000656d0000,0x00000000657d0000)]
  0x000000005e1fc000 JavaThread "stdout" daemon [_thread_in_native, id=4952, stack(0x00000000654f0000,0x00000000655f0000)]
  0x000000005e1fb800 JavaThread "stderr" daemon [_thread_in_native, id=4844, stack(0x00000000650d0000,0x00000000651d0000)]
  0x000000005e1fa800 JavaThread "stdout" daemon [_thread_in_native, id=5216, stack(0x00000000648d0000,0x00000000649d0000)]
  0x000000005a533800 JavaThread "stderr" daemon [_thread_in_native, id=4572, stack(0x0000000065340000,0x0000000065440000)]
  0x000000005a532800 JavaThread "queued-resource-processor_12" daemon [_thread_blocked, id=3788, stack(0x00000000651d0000,0x00000000652d0000)]
  0x000000005a532000 JavaThread "queued-resource-processor_11" daemon [_thread_blocked, id=3688, stack(0x0000000064fd0000,0x00000000650d0000)]
  0x000000005a01c000 JavaThread "queued-resource-processor_10" daemon [_thread_blocked, id=3724, stack(0x000000005fdd0000,0x000000005fed0000)]
  0x000000005a019000 JavaThread "queued-resource-processor_9" daemon [_thread_blocked, id=2748, stack(0x0000000064d60000,0x0000000064e60000)]
  0x000000005a52f000 JavaThread "Task worker for ':' Thread 3" [_thread_blocked, id=6028, stack(0x0000000064e90000,0x0000000064f90000)]
  0x000000005a52e000 JavaThread "Task worker for ':' Thread 2" [_thread_blocked, id=5972, stack(0x000000005d6f0000,0x000000005d7f0000)]
  0x000000005a52d800 JavaThread "Task worker for ':'" [_thread_blocked, id=5956, stack(0x0000000060510000,0x0000000060610000)]
  0x000000005a52c800 JavaThread "Cache worker for task history cache (H:\current work\EcolineBusAppBackupBeforeFb\.gradle\4.1\taskHistory)" [_thread_blocked, id=5952, stack(0x00000000649f0000,0x0000000064af0000)]
  0x000000005a021800 JavaThread "build operations Thread 4" [_thread_blocked, id=5940, stack(0x0000000060cd0000,0x0000000060dd0000)]
  0x000000005a020800 JavaThread "build operations Thread 3" [_thread_blocked, id=6016, stack(0x0000000060910000,0x0000000060a10000)]
  0x000000005a020000 JavaThread "build operations Thread 2" [_thread_blocked, id=5988, stack(0x0000000060770000,0x0000000060870000)]
  0x000000005a01f000 JavaThread "build operations" [_thread_blocked, id=5868, stack(0x0000000060620000,0x0000000060720000)]
  0x000000005a014000 JavaThread "Cache worker for Artifact transforms cache (C:\Users\Bipul\.gradle\caches\transforms-1)" [_thread_blocked, id=5960, stack(0x000000005b4c0000,0x000000005b5c0000)]
  0x000000005a01a000 JavaThread "Cache worker for file hash cache (H:\current work\EcolineBusAppBackupBeforeFb\.gradle\4.1\fileHashes)" [_thread_blocked, id=5896, stack(0x0000000057950000,0x0000000057a50000)]
  0x000000005a01a800 JavaThread "Asynchronous log dispatcher for DefaultDaemonConnection: socket connection from /127.0.0.1:49653 to /127.0.0.1:49664" [_thread_blocked, id=3532, stack(0x000000005bc70000,0x000000005bd70000)]
  0x000000005a018800 JavaThread "Cancel handler" [_thread_blocked, id=3432, stack(0x000000005bb00000,0x000000005bc00000)]
  0x000000005a01d000 JavaThread "Handler for socket connection from /127.0.0.1:49653 to /127.0.0.1:49664" [_thread_in_native, id=5596, stack(0x000000005b880000,0x000000005b980000)]
  0x000000005a01b800 JavaThread "Memory manager" [_thread_blocked, id=5996, stack(0x000000005ec30000,0x000000005ed30000)]
  0x0000000058262000 JavaThread "File lock request listener" [_thread_in_native, id=5912, stack(0x000000005c000000,0x000000005c100000)]
  0x0000000058048000 JavaThread "Cache worker for file hash cache (C:\Users\Bipul\.gradle\caches\4.1\fileHashes)" [_thread_blocked, id=5552, stack(0x000000005be10000,0x000000005bf10000)]
  0x0000000058b0f000 JavaThread "Daemon worker" [_thread_blocked, id=5840, stack(0x000000005b990000,0x000000005ba90000)]
  0x0000000059380800 JavaThread "Daemon" [_thread_blocked, id=2920, stack(0x000000005b330000,0x000000005b430000)]
  0x0000000058a53000 JavaThread "Daemon periodic checks" [_thread_blocked, id=4856, stack(0x000000005b200000,0x000000005b300000)]
  0x0000000059584800 JavaThread "Incoming local TCP Connector on port 49653" [_thread_in_native, id=5676, stack(0x0000000057d30000,0x0000000057e30000)]
  0x0000000057feb000 JavaThread "Service Thread" daemon [_thread_blocked, id=5716, stack(0x00000000583d0000,0x00000000584d0000)]
  0x00000000563ce800 JavaThread "C1 CompilerThread2" daemon [_thread_blocked, id=5848, stack(0x0000000057e80000,0x0000000057f80000)]
  0x00000000563cc800 JavaThread "C2 CompilerThread1" daemon [_thread_blocked, id=4816, stack(0x0000000057c10000,0x0000000057d10000)]
  0x00000000563c5000 JavaThread "C2 CompilerThread0" daemon [_thread_blocked, id=5828, stack(0x0000000057a70000,0x0000000057b70000)]
  0x00000000563c1000 JavaThread "Attach Listener" daemon [_thread_blocked, id=5624, stack(0x0000000057810000,0x0000000057910000)]
  0x00000000563bf800 JavaThread "Signal Dispatcher" daemon [_thread_blocked, id=4112, stack(0x0000000057630000,0x0000000057730000)]
  0x00000000563a8000 JavaThread "Finalizer" daemon [_thread_blocked, id=5832, stack(0x0000000057520000,0x0000000057620000)]
  0x0000000056360800 JavaThread "Reference Handler" daemon [_thread_blocked, id=4940, stack(0x0000000057400000,0x0000000057500000)]
  0x000000000030e800 JavaThread "main" [_thread_blocked, id=5396, stack(0x0000000002430000,0x0000000002530000)]

Other Threads:
=>0x0000000056359000 VMThread [stack: 0x0000000057240000,0x0000000057340000] [id=5712]
  0x0000000057fec000 WatcherThread [stack: 0x00000000585a0000,0x00000000586a0000] [id=5092]

VM state:at safepoint (normal execution)

VM Mutex/Monitor currently owned by a thread:  ([mutex/lock_event])
[0x000000000030c980] Threads_lock - owner thread: 0x0000000056359000
[0x000000000030ce80] Heap_lock - owner thread: 0x000000005e201800

Heap:
 PSYoungGen      total 480256K, used 28614K [0x00000000e0000000, 0x0000000100000000, 0x0000000100000000)
  eden space 451584K, 0% used [0x00000000e0000000,0x00000000e0000000,0x00000000fb900000)
  from space 28672K, 99% used [0x00000000fb900000,0x00000000fd4f19f0,0x00000000fd500000)
  to   space 39424K, 0% used [0x00000000fd980000,0x00000000fd980000,0x0000000100000000)
 ParOldGen       total 108032K, used 87881K [0x00000000a0000000, 0x00000000a6980000, 0x00000000e0000000)
  object space 108032K, 81% used [0x00000000a0000000,0x00000000a55d2430,0x00000000a6980000)
 Metaspace       used 65429K, capacity 68628K, committed 68736K, reserved 1107968K
  class space    used 8672K, capacity 9508K, committed 9600K, reserved 1048576K

Card table byte_map: [0x0000000011bc0000,0x0000000011ed0000] byte_map_base: 0x00000000116c0000

Marking Bits: (ParMarkBitMap*) 0x0000000067a63950
 Begin Bits: [0x00000000126d0000, 0x0000000013ed0000)
 End Bits:   [0x0000000013ed0000, 0x00000000156d0000)

Polling page: 0x0000000000130000

CodeCache: size=245760Kb used=33689Kb max_used=33838Kb free=212070Kb
 bounds [0x0000000002800000, 0x0000000004970000, 0x0000000011800000]
 total_blobs=10882 nmethods=10091 adapters=703
 compilation: enabled

Compilation events (10 events):
Event: 142.277 Thread 0x00000000563ce800 12382       3       com.android.utils.XmlUtils::toXml (22 bytes)
Event: 142.278 Thread 0x00000000563ce800 nmethod 12382 0x00000000045eea90 code [0x00000000045eec40, 0x00000000045ef2d8]
Event: 142.278 Thread 0x00000000563ce800 12383       3       com.android.utils.XmlUtils$PositionAwareStringBuilder::<init> (27 bytes)
Event: 142.279 Thread 0x00000000563ce800 nmethod 12383 0x0000000003f4fe10 code [0x0000000003f4ff80, 0x0000000003f50350]
Event: 142.279 Thread 0x00000000563ce800 12384       3       com.android.utils.XmlUtils$PositionAwareStringBuilder::toString (8 bytes)
Event: 142.279 Thread 0x00000000563ce800 nmethod 12384 0x0000000004665550 code [0x00000000046656c0, 0x0000000004665988]
Event: 142.334 Thread 0x00000000563ce800 12385       3       com.google.common.collect.AbstractMapBasedMultimap$WrappedList::listIterator (13 bytes)
Event: 142.334 Thread 0x00000000563ce800 nmethod 12385 0x000000000297bcd0 code [0x000000000297be40, 0x000000000297c158]
Event: 142.334 Thread 0x00000000563ce800 12386       3       com.google.common.collect.AbstractMapBasedMultimap$WrappedList$WrappedListIterator::<init> (11 bytes)
Event: 142.335 Thread 0x00000000563ce800 nmethod 12386 0x00000000045e7a90 code [0x00000000045e7c40, 0x00000000045e8338]

GC Heap History (10 events):
Event: 34.257 GC heap after
Heap after GC invocations=10 (full 2):
 PSYoungGen      total 352768K, used 13282K [0x00000000e0000000, 0x00000000f7e80000, 0x0000000100000000)
  eden space 339456K, 0% used [0x00000000e0000000,0x00000000e0000000,0x00000000f4b80000)
  from space 13312K, 99% used [0x00000000f7180000,0x00000000f7e789a8,0x00000000f7e80000)
  to   space 17408K, 0% used [0x00000000f5c80000,0x00000000f5c80000,0x00000000f6d80000)
 ParOldGen       total 54272K, used 20337K [0x00000000a0000000, 0x00000000a3500000, 0x00000000e0000000)
  object space 54272K, 37% used [0x00000000a0000000,0x00000000a13dc538,0x00000000a3500000)
 Metaspace       used 47741K, capacity 49130K, committed 49152K, reserved 1091584K
  class space    used 6427K, capacity 6890K, committed 6912K, reserved 1048576K
}
Event: 47.708 GC heap before
{Heap before GC invocations=11 (full 2):
 PSYoungGen      total 352768K, used 329610K [0x00000000e0000000, 0x00000000f7e80000, 0x0000000100000000)
  eden space 339456K, 93% used [0x00000000e0000000,0x00000000f34e9e58,0x00000000f4b80000)
  from space 13312K, 99% used [0x00000000f7180000,0x00000000f7e789a8,0x00000000f7e80000)
  to   space 17408K, 0% used [0x00000000f5c80000,0x00000000f5c80000,0x00000000f6d80000)
 ParOldGen       total 54272K, used 20337K [0x00000000a0000000, 0x00000000a3500000, 0x00000000e0000000)
  object space 54272K, 37% used [0x00000000a0000000,0x00000000a13dc538,0x00000000a3500000)
 Metaspace       used 56639K, capacity 59016K, committed 59028K, reserved 1099776K
  class space    used 7765K, capacity 8442K, committed 8448K, reserved 1048576K
Event: 47.805 GC heap after
Heap after GC invocations=11 (full 2):
 PSYoungGen      total 374272K, used 17376K [0x00000000e0000000, 0x0000000100000000, 0x0000000100000000)
  eden space 356864K, 0% used [0x00000000e0000000,0x00000000e0000000,0x00000000f5c80000)
  from space 17408K, 99% used [0x00000000f5c80000,0x00000000f6d78210,0x00000000f6d80000)
  to   space 29184K, 0% used [0x00000000fe380000,0x00000000fe380000,0x0000000100000000)
 ParOldGen       total 54272K, used 43343K [0x00000000a0000000, 0x00000000a3500000, 0x00000000e0000000)
  object space 54272K, 79% used [0x00000000a0000000,0x00000000a2a53f60,0x00000000a3500000)
 Metaspace       used 56639K, capacity 59016K, committed 59028K, reserved 1099776K
  class space    used 7765K, capacity 8442K, committed 8448K, reserved 1048576K
}
Event: 47.805 GC heap before
{Heap before GC invocations=12 (full 3):
 PSYoungGen      total 374272K, used 17376K [0x00000000e0000000, 0x0000000100000000, 0x0000000100000000)
  eden space 356864K, 0% used [0x00000000e0000000,0x00000000e0000000,0x00000000f5c80000)
  from space 17408K, 99% used [0x00000000f5c80000,0x00000000f6d78210,0x00000000f6d80000)
  to   space 29184K, 0% used [0x00000000fe380000,0x00000000fe380000,0x0000000100000000)
 ParOldGen       total 54272K, used 43343K [0x00000000a0000000, 0x00000000a3500000, 0x00000000e0000000)
  object space 54272K, 79% used [0x00000000a0000000,0x00000000a2a53f60,0x00000000a3500000)
 Metaspace       used 56639K, capacity 59016K, committed 59028K, reserved 1099776K
  class space    used 7765K, capacity 8442K, committed 8448K, reserved 1048576K
Event: 48.534 GC heap after
Heap after GC invocations=12 (full 3):
 PSYoungGen      total 374272K, used 0K [0x00000000e0000000, 0x0000000100000000, 0x0000000100000000)
  eden space 356864K, 0% used [0x00000000e0000000,0x00000000e0000000,0x00000000f5c80000)
  from space 17408K, 0% used [0x00000000f5c80000,0x00000000f5c80000,0x00000000f6d80000)
  to   space 29184K, 0% used [0x00000000fe380000,0x00000000fe380000,0x0000000100000000)
 ParOldGen       total 108032K, used 54250K [0x00000000a0000000, 0x00000000a6980000, 0x00000000e0000000)
  object space 108032K, 50% used [0x00000000a0000000,0x00000000a34fab50,0x00000000a6980000)
 Metaspace       used 56639K, capacity 59016K, committed 59028K, reserved 1099776K
  class space    used 7765K, capacity 8442K, committed 8448K, reserved 1048576K
}
Event: 76.382 GC heap before
{Heap before GC invocations=13 (full 3):
 PSYoungGen      total 374272K, used 356864K [0x00000000e0000000, 0x0000000100000000, 0x0000000100000000)
  eden space 356864K, 100% used [0x00000000e0000000,0x00000000f5c80000,0x00000000f5c80000)
  from space 17408K, 0% used [0x00000000f5c80000,0x00000000f5c80000,0x00000000f6d80000)
  to   space 29184K, 0% used [0x00000000fe380000,0x00000000fe380000,0x0000000100000000)
 ParOldGen       total 108032K, used 54250K [0x00000000a0000000, 0x00000000a6980000, 0x00000000e0000000)
  object space 108032K, 50% used [0x00000000a0000000,0x00000000a34fab50,0x00000000a6980000)
 Metaspace       used 63289K, capacity 66354K, committed 66432K, reserved 1105920K
  class space    used 8438K, capacity 9269K, committed 9344K, reserved 1048576K
Event: 76.451 GC heap after
Heap after GC invocations=13 (full 3):
 PSYoungGen      total 480768K, used 29181K [0x00000000e0000000, 0x0000000100000000, 0x0000000100000000)
  eden space 451584K, 0% used [0x00000000e0000000,0x00000000e0000000,0x00000000fb900000)
  from space 29184K, 99% used [0x00000000fe380000,0x00000000fffff500,0x0000000100000000)
  to   space 36352K, 0% used [0x00000000fb900000,0x00000000fb900000,0x00000000fdc80000)
 ParOldGen       total 108032K, used 62067K [0x00000000a0000000, 0x00000000a6980000, 0x00000000e0000000)
  object space 108032K, 57% used [0x00000000a0000000,0x00000000a3c9cef8,0x00000000a6980000)
 Metaspace       used 63289K, capacity 66354K, committed 66432K, reserved 1105920K
  class space    used 8438K, capacity 9269K, committed 9344K, reserved 1048576K
}
Event: 144.911 GC heap before
{Heap before GC invocations=14 (full 3):
 PSYoungGen      total 480768K, used 480765K [0x00000000e0000000, 0x0000000100000000, 0x0000000100000000)
  eden space 451584K, 100% used [0x00000000e0000000,0x00000000fb900000,0x00000000fb900000)
  from space 29184K, 99% used [0x00000000fe380000,0x00000000fffff500,0x0000000100000000)
  to   space 36352K, 0% used [0x00000000fb900000,0x00000000fb900000,0x00000000fdc80000)
 ParOldGen       total 108032K, used 62067K [0x00000000a0000000, 0x00000000a6980000, 0x00000000e0000000)
  object space 108032K, 57% used [0x00000000a0000000,0x00000000a3c9cef8,0x00000000a6980000)
 Metaspace       used 65429K, capacity 68628K, committed 68736K, reserved 1107968K
  class space    used 8672K, capacity 9508K, committed 9600K, reserved 1048576K
Event: 145.843 GC heap after
Heap after GC invocations=14 (full 3):
 PSYoungGen      total 480256K, used 28614K [0x00000000e0000000, 0x0000000100000000, 0x0000000100000000)
  eden space 451584K, 0% used [0x00000000e0000000,0x00000000e0000000,0x00000000fb900000)
  from space 28672K, 99% used [0x00000000fb900000,0x00000000fd4f19f0,0x00000000fd500000)
  to   space 39424K, 0% used [0x00000000fd980000,0x00000000fd980000,0x0000000100000000)
 ParOldGen       total 108032K, used 87881K [0x00000000a0000000, 0x00000000a6980000, 0x00000000e0000000)
  object space 108032K, 81% used [0x00000000a0000000,0x00000000a55d2430,0x00000000a6980000)
 Metaspace       used 65429K, capacity 68628K, committed 68736K, reserved 1107968K
  class space    used 8672K, capacity 9508K, committed 9600K, reserved 1048576K
}
Event: 145.843 GC heap before
{Heap before GC invocations=15 (full 4):
 PSYoungGen      total 480256K, used 28614K [0x00000000e0000000, 0x0000000100000000, 0x0000000100000000)
  eden space 451584K, 0% used [0x00000000e0000000,0x00000000e0000000,0x00000000fb900000)
  from space 28672K, 99% used [0x00000000fb900000,0x00000000fd4f19f0,0x00000000fd500000)
  to   space 39424K, 0% used [0x00000000fd980000,0x00000000fd980000,0x0000000100000000)
 ParOldGen       total 108032K, used 87881K [0x00000000a0000000, 0x00000000a6980000, 0x00000000e0000000)
  object space 108032K, 81% used [0x00000000a0000000,0x00000000a55d2430,0x00000000a6980000)
 Metaspace       used 65429K, capacity 68628K, committed 68736K, reserved 1107968K
  class space    used 8672K, capacity 9508K, committed 9600K, reserved 1048576K

Deoptimization events (10 events):
Event: 112.389 Thread 0x0000000058b0f000 Uncommon trap: reason=unstable_if action=reinterpret pc=0x00000000046c6aac method=com.google.common.collect.ImmutableMap.copyOf(Ljava/util/Map;)Lcom/google/common/collect/ImmutableMap; @ 4
Event: 113.247 Thread 0x0000000058b0f000 Uncommon trap: reason=unstable_if action=reinterpret pc=0x00000000043fa5b0 method=com.sun.org.apache.xerces.internal.dom.DeferredAttrNSImpl.synchronizeData()V @ 36
Event: 117.772 Thread 0x0000000058b0f000 Uncommon trap: reason=null_check action=make_not_entrant pc=0x000000000483838c method=com.sun.org.apache.xerces.internal.dom.NamedNodeMapImpl.findNamePoint(Ljava/lang/String;Ljava/lang/String;)I @ 105
Event: 118.170 Thread 0x0000000058b0f000 Uncommon trap: reason=class_check action=maybe_recompile pc=0x00000000046be728 method=com.google.common.collect.StandardTable.getOrCreate(Ljava/lang/Object;)Ljava/util/Map; @ 5
Event: 118.171 Thread 0x0000000058b0f000 Uncommon trap: reason=class_check action=maybe_recompile pc=0x00000000046be728 method=com.google.common.collect.StandardTable.getOrCreate(Ljava/lang/Object;)Ljava/util/Map; @ 5
Event: 118.171 Thread 0x0000000058b0f000 Uncommon trap: reason=class_check action=maybe_recompile pc=0x00000000046be728 method=com.google.common.collect.StandardTable.getOrCreate(Ljava/lang/Object;)Ljava/util/Map; @ 5
Event: 118.171 Thread 0x0000000058b0f000 Uncommon trap: reason=class_check action=maybe_recompile pc=0x00000000046be728 method=com.google.common.collect.StandardTable.getOrCreate(Ljava/lang/Object;)Ljava/util/Map; @ 5
Event: 119.128 Thread 0x0000000058b0f000 Uncommon trap: reason=unstable_if action=reinterpret pc=0x0000000003c110d8 method=com.sun.org.apache.xerces.internal.dom.ChildNode.getParentNode()Lorg/w3c/dom/Node; @ 4
Event: 119.131 Thread 0x0000000058b0f000 Uncommon trap: reason=class_check action=maybe_recompile pc=0x000000000433dd18 method=com.sun.org.apache.xerces.internal.dom.NamedNodeMapImpl.item(I)Lorg/w3c/dom/Node; @ 30
Event: 119.131 Thread 0x0000000058b0f000 Uncommon trap: reason=class_check action=maybe_recompile pc=0x0000000003dfa750 method=com.android.ide.common.res2.NodeUtils.processSingleNodeNamespace(Lorg/w3c/dom/Node;Lorg/w3c/dom/Document;)Z @ 100

Classes redefined (0 events):
No events

Internal exceptions (10 events):
Event: 107.277 Thread 0x000000005a021800 Exception <a 'sun/nio/fs/WindowsException'> (0x00000000e822d038) thrown at [D:\src\AOSP-openjdk-cygwin\jdk8u\hotspot\src\share\vm\prims\jni.cpp, line 709]
Event: 107.281 Thread 0x000000005a020000 Exception <a 'sun/nio/fs/WindowsException'> (0x00000000e64e4218) thrown at [D:\src\AOSP-openjdk-cygwin\jdk8u\hotspot\src\share\vm\prims\jni.cpp, line 709]
Event: 107.535 Thread 0x000000005a01f000 Exception <a 'sun/nio/fs/WindowsException'> (0x00000000e6652a18) thrown at [D:\src\AOSP-openjdk-cygwin\jdk8u\hotspot\src\share\vm\prims\jni.cpp, line 709]
Event: 107.579 Thread 0x000000005a01f000 Exception <a 'sun/nio/fs/WindowsException'> (0x00000000e6675748) thrown at [D:\src\AOSP-openjdk-cygwin\jdk8u\hotspot\src\share\vm\prims\jni.cpp, line 709]
Event: 107.687 Thread 0x000000005a01f000 Exception <a 'sun/nio/fs/WindowsException'> (0x00000000e82f4e78) thrown at [D:\src\AOSP-openjdk-cygwin\jdk8u\hotspot\src\share\vm\prims\jni.cpp, line 709]
Event: 107.702 Thread 0x000000005a020800 Exception <a 'sun/nio/fs/WindowsException'> (0x00000000e63e3e70) thrown at [D:\src\AOSP-openjdk-cygwin\jdk8u\hotspot\src\share\vm\prims\jni.cpp, line 709]
Event: 107.702 Thread 0x000000005a021800 Exception <a 'sun/nio/fs/WindowsException'> (0x00000000e8274858) thrown at [D:\src\AOSP-openjdk-cygwin\jdk8u\hotspot\src\share\vm\prims\jni.cpp, line 709]
Event: 107.703 Thread 0x000000005a020000 Exception <a 'sun/nio/fs/WindowsException'> (0x00000000e65126f0) thrown at [D:\src\AOSP-openjdk-cygwin\jdk8u\hotspot\src\share\vm\prims\jni.cpp, line 709]
Event: 109.383 Thread 0x0000000058b0f000 Exception <a 'java/lang/NoSuchMethodError': java.lang.Object.lambda$comparingInt$7b0bb60$1(Ljava/util/function/ToIntFunction;Ljava/lang/Object;Ljava/lang/Object;)I> (0x00000000e86c70f0) thrown at [D:\src\AOSP-openjdk-cygwin\jdk8u\hotspot\src\share\vm\inte
Event: 117.772 Thread 0x0000000058b0f000 Implicit null exception at 0x0000000004837fe4 to 0x0000000004838379

Events (10 events):
Event: 143.979 Thread 0x000000005e201800 Thread added: 0x000000005e201800
Event: 144.239 Executing VM operation: RevokeBias
Event: 144.240 Executing VM operation: RevokeBias done
Event: 144.240 Thread 0x000000005e201800 Thread exited: 0x000000005e201800
Event: 144.245 Thread 0x000000005e201800 Thread added: 0x000000005e201800
Event: 144.773 Executing VM operation: RevokeBias
Event: 144.774 Executing VM operation: RevokeBias done
Event: 144.774 Thread 0x000000005e201800 Thread exited: 0x000000005e201800
Event: 144.890 Thread 0x000000005e201800 Thread added: 0x000000005e201800
Event: 144.910 Executing VM operation: ParallelGCFailedAllocation


Dynamic libraries:
0x000000013fd90000 - 0x000000013fdc1000 	C:\Program Files\Android\Android Studio\jre\bin\java.exe
0x0000000076f20000 - 0x00000000770ca000 	C:\Windows\SYSTEM32\ntdll.dll
0x0000000076e00000 - 0x0000000076f1f000 	C:\Windows\system32\kernel32.dll
0x000007fefd190000 - 0x000007fefd1fa000 	C:\Windows\system32\KERNELBASE.dll
0x000007fefef60000 - 0x000007feff03b000 	C:\Windows\system32\ADVAPI32.dll
0x000007fefec70000 - 0x000007fefed0f000 	C:\Windows\system32\msvcrt.dll
0x000007fefed10000 - 0x000007fefed2f000 	C:\Windows\SYSTEM32\sechost.dll
0x000007feff040000 - 0x000007feff16d000 	C:\Windows\system32\RPCRT4.dll
0x0000000076d00000 - 0x0000000076dfa000 	C:\Windows\system32\USER32.dll
0x000007fefd310000 - 0x000007fefd377000 	C:\Windows\system32\GDI32.dll
0x000007fefea00000 - 0x000007fefea0e000 	C:\Windows\system32\LPK.dll
0x000007fefd240000 - 0x000007fefd309000 	C:\Windows\system32\USP10.dll
0x000007fefb7f0000 - 0x000007fefb9e4000 	C:\Windows\WinSxS\amd64_microsoft.windows.common-controls_6595b64144ccf1df_6.0.7601.17514_none_fa396087175ac9ac\COMCTL32.dll
0x000007fefe400000 - 0x000007fefe471000 	C:\Windows\system32\SHLWAPI.dll
0x000007fefe520000 - 0x000007fefe54e000 	C:\Windows\system32\IMM32.DLL
0x000007fefe680000 - 0x000007fefe789000 	C:\Windows\system32\MSCTF.dll
0x0000000070530000 - 0x0000000070602000 	C:\Program Files\Android\Android Studio\jre\jre\bin\msvcr100.dll
0x00000000672a0000 - 0x0000000067ade000 	C:\Program Files\Android\Android Studio\jre\jre\bin\server\jvm.dll
0x000007fefb7c0000 - 0x000007fefb7c9000 	C:\Windows\system32\WSOCK32.dll
0x000007fefed30000 - 0x000007fefed7d000 	C:\Windows\system32\WS2_32.dll
0x000007fefe790000 - 0x000007fefe798000 	C:\Windows\system32\NSI.dll
0x000007fefa7e0000 - 0x000007fefa81b000 	C:\Windows\system32\WINMM.dll
0x000007fefbfd0000 - 0x000007fefbfdc000 	C:\Windows\system32\VERSION.dll
0x00000000770e0000 - 0x00000000770e7000 	C:\Windows\system32\PSAPI.DLL
0x000007fefb7e0000 - 0x000007fefb7ef000 	C:\Program Files\Android\Android Studio\jre\jre\bin\verify.dll
0x000007fef2530000 - 0x000007fef2559000 	C:\Program Files\Android\Android Studio\jre\jre\bin\java.dll
0x000007fef8f90000 - 0x000007fef8fa6000 	C:\Program Files\Android\Android Studio\jre\jre\bin\zip.dll
0x000007fefd3e0000 - 0x000007fefe16a000 	C:\Windows\system32\SHELL32.dll
0x000007fefe170000 - 0x000007fefe373000 	C:\Windows\system32\ole32.dll
0x000007fefce70000 - 0x000007fefce7f000 	C:\Windows\system32\profapi.dll
0x000007fef2710000 - 0x000007fef272a000 	C:\Program Files\Android\Android Studio\jre\jre\bin\net.dll
0x000007fefc6a0000 - 0x000007fefc6f5000 	C:\Windows\system32\mswsock.dll
0x000007fefc690000 - 0x000007fefc697000 	C:\Windows\System32\wship6.dll
0x000007fef8f70000 - 0x000007fef8f81000 	C:\Program Files\Android\Android Studio\jre\jre\bin\nio.dll
0x000007fef1cf0000 - 0x000007fef1d0e000 	C:\Users\Bipul\.gradle\native\25\windows-amd64\native-platform.dll
0x000007fef8ed0000 - 0x000007fef8edd000 	C:\Program Files\Android\Android Studio\jre\jre\bin\management.dll
0x000007fefc700000 - 0x000007fefc717000 	C:\Windows\system32\CRYPTSP.dll
0x000007fefc400000 - 0x000007fefc447000 	C:\Windows\system32\rsaenh.dll
0x000007fefc1b0000 - 0x000007fefc1ce000 	C:\Windows\system32\USERENV.dll
0x000007fefcd60000 - 0x000007fefcd6f000 	C:\Windows\system32\CRYPTBASE.dll
0x000007fef9260000 - 0x000007fef9287000 	C:\Windows\system32\IPHLPAPI.DLL
0x000007fef9210000 - 0x000007fef921b000 	C:\Windows\system32\WINNSI.DLL
0x000007fef9060000 - 0x000007fef9078000 	C:\Windows\system32\dhcpcsvc.DLL
0x000007fef8eb0000 - 0x000007fef8ec1000 	C:\Windows\system32\dhcpcsvc6.DLL
0x000007fefcd00000 - 0x000007fefcd57000 	C:\Windows\system32\apphelp.dll
0x000007fee9660000 - 0x000007fee9785000 	C:\Windows\system32\dbghelp.dll

VM Arguments:
jvm_args: -Xmx1536m -Dfile.encoding=windows-1252 -Duser.country=US -Duser.language=en -Duser.variant 
java_command: org.gradle.launcher.daemon.bootstrap.GradleDaemon 4.1
java_class_path (initial): C:\Users\Bipul\.gradle\wrapper\dists\gradle-4.1-all\bzyivzo6n839fup2jbap0tjew\gradle-4.1\lib\gradle-launcher-4.1.jar
Launcher Type: SUN_STANDARD

Environment Variables:
PATH=C:\oraclexe\app\oracle\product\10.2.0\server\bin;C:\ProgramData\Oracle\Java\javapath;C:\Program Files\Broadcom\Broadcom 802.11\Driver;;C:\Windows\system32;C:\Windows;C:\Windows\System32\Wbem;C:\Windows\System32\WindowsPowerShell\v1.0\;C:\Program Files (x86)\Intel\OpenCL SDK\2.0\bin\x86;C:\Program Files (x86)\Intel\OpenCL SDK\2.0\bin\x64
USERNAME=Bipul
OS=Windows_NT
PROCESSOR_IDENTIFIER=Intel64 Family 6 Model 42 Stepping 7, GenuineIntel



---------------  S Y S T E M  ---------------

OS: Windows 7 , 64 bit Build 7601 (6.1.7601.23391)

CPU:total 4 (initial active 4) (2 cores per cpu, 2 threads per core) family 6 model 42 stepping 7, cmov, cx8, fxsr, mmx, sse, sse2, sse3, ssse3, sse4.1, sse4.2, popcnt, avx, clmul, ht, tsc, tscinvbit

Memory: 4k page, physical 6238064k(1198272k free), swap 12474272k(6239148k free)

vm_info: OpenJDK 64-Bit Server VM (25.152-b01) for windows-amd64 JRE (1.8.0_152-release-915-b01), built by "builder" with MS VC++ 10.0 (VS2010)

time: Mon May 28 11:27:39 2018
elapsed time: 147 seconds (0d 0h 2m 27s)

